<?xml version="1.0" encoding="UTF-8"?>
<!-- Generated by org.testng.reporters.JUnitReportReporter -->
<testsuite hostname="DESKTOP-7752MH0" failures="0" tests="4" name="Test.pack.VerifyMediaTabs" time="109.154" errors="0" timestamp="2022-02-01T18:15:59 IST" skipped="0">
  <testcase classname="Test.pack.VerifyMediaTabs" name="toVerifyAarogyaSetuSite" time="25.209"/>
  <system-out/>
  <testcase classname="Test.pack.VerifyMediaTabs" name="toVerifyAarogyaSetuSite" time="18.744"/>
  <system-out/>
  <testcase classname="Test.pack.VerifyMediaTabs" name="toVerifyMedia" time="20.100"/>
  <system-out/>
  <testcase classname="Test.pack.VerifyMediaTabs" name="toVerifyMedia" time="45.101"/>
  <system-out/>
</testsuite> <!-- Test.pack.VerifyMediaTabs -->
